<?xml version="1.0" encoding="UTF-8"?>
<!-- Generated by org.testng.reporters.JUnitReportReporter -->
<testsuite skipped="3" hostname="DESKTOP-U2B40K2" name="com.training.sanity.tests.LoginTests" tests="6" failures="0" timestamp="09 Dec 2020 09:43:46 GMT" time="21.558" errors="0">
  <testcase name="validLoginTest" time="1.503" classname="com.training.sanity.tests.LoginTests"/>
  <testcase name="validAppMenuTest" time="5.414" classname="com.training.sanity.tests.LoginTests"/>
  <testcase name="validCreateFlowTest" time="14.641" classname="com.training.sanity.tests.LoginTests"/>
  <testcase name="HomePageMenuTest" classname="com.training.sanity.tests.LoginTests">
    <skipped/>
  </testcase> <!-- HomePageMenuTest -->
  <testcase name="HomePageTest" classname="com.training.sanity.tests.LoginTests">
    <skipped/>
  </testcase> <!-- HomePageTest -->
  <testcase name="validHeaderButtonTest" classname="com.training.sanity.tests.LoginTests">
    <skipped/>
  </testcase> <!-- validHeaderButtonTest -->
</testsuite> <!-- com.training.sanity.tests.LoginTests -->
